<?xml version="1.0" encoding="UTF-8"?>
<!-- Generated by org.testng.reporters.JUnitXMLReporter -->
<testsuite hostname="DESKTOP-RVDVF0F" ignored="0" name="Default test" tests="3" failures="0" timestamp="2020-05-30T14:10:45 EDT" time="30.893" errors="0">
  <testcase name="emptyUsernameLogin" time="0.26" classname="com.hrms.testcases.LoginTest"/>
  <testcase name="invalidPasswordLogin" time="2.114" classname="com.hrms.testcases.LoginTest"/>
  <testcase name="validAdminLogin" time="2.091" classname="com.hrms.testcases.LoginTest"/>
</testsuite> <!-- Default test -->
