<?xml version="1.0" encoding="UTF-8"?>
<!-- Generated by org.testng.reporters.JUnitXMLReporter -->
<testsuite hostname="DESKTOP-RVDVF0F" ignored="7" name="Regression Test" tests="5" failures="0" timestamp="2020-06-01T17:02:29 EDT" time="67.721" errors="0">
  <testcase name="addEmployee" time="12.74" classname="com.hrms.testcases.AddEmployeeTest"/>
  <testcase name="addEmployee" time="12.739" classname="com.hrms.testcases.AddEmployeeTest"/>
  <testcase name="addEmployee" time="12.098" classname="com.hrms.testcases.AddEmployeeTest"/>
  <testcase name="emptyUsernameLogin" time="0.178" classname="com.hrms.testcases.LoginTest"/>
  <testcase name="invalidPasswordLogin" time="1.455" classname="com.hrms.testcases.LoginTest"/>
  <testcase name="timeStamp" time="0.0" classname="com.hrms.testcases.LoginTest">
    <ignored/>
  </testcase> <!-- timeStamp -->
  <testcase name="@BeforeTest generateReport" time="0.0" classname="com.hrms.testbase.BaseClass">
    <ignored/>
  </testcase> <!-- @BeforeTest generateReport -->
  <testcase name="@BeforeTest generateReport" time="0.0" classname="com.hrms.testbase.BaseClass">
    <ignored/>
  </testcase> <!-- @BeforeTest generateReport -->
  <testcase name="@AfterTest writeReport" time="0.0" classname="com.hrms.testbase.BaseClass">
    <ignored/>
  </testcase> <!-- @AfterTest writeReport -->
  <testcase name="@AfterTest writeReport" time="0.0" classname="com.hrms.testbase.BaseClass">
    <ignored/>
  </testcase> <!-- @AfterTest writeReport -->
  <testcase name="addReport" time="0.0" classname="com.hrms.testcases.AddReportTest">
    <ignored/>
  </testcase> <!-- addReport -->
  <testcase name="validAdminLogin" time="0.0" classname="com.hrms.testcases.LoginTest">
    <ignored/>
  </testcase> <!-- validAdminLogin -->
</testsuite> <!-- Regression Test -->
