<?xml version="1.0" encoding="UTF-8"?>
<!-- Generated by org.testng.reporters.JUnitXMLReporter -->
<testsuite hostname="DESKTOP-RVDVF0F" ignored="9" name="Smoke Test" tests="1" failures="0" timestamp="2020-06-02T20:55:14 EDT" time="9.824" errors="0">
  <testcase name="validAdminLogin" time="2.226" classname="com.hrms.testcases.LoginTest"/>
  <testcase name="timeStamp" time="0.0" classname="com.hrms.testcases.LoginTest">
    <ignored/>
  </testcase> <!-- timeStamp -->
  <testcase name="@BeforeTest generateReport" time="0.0" classname="com.hrms.testbase.BaseClass">
    <ignored/>
  </testcase> <!-- @BeforeTest generateReport -->
  <testcase name="@BeforeTest generateReport" time="0.0" classname="com.hrms.testbase.BaseClass">
    <ignored/>
  </testcase> <!-- @BeforeTest generateReport -->
  <testcase name="addEmployee" time="0.0" classname="com.hrms.testcases.AddEmployeeTest">
    <ignored/>
  </testcase> <!-- addEmployee -->
  <testcase name="@AfterTest writeReport" time="0.0" classname="com.hrms.testbase.BaseClass">
    <ignored/>
  </testcase> <!-- @AfterTest writeReport -->
  <testcase name="@AfterTest writeReport" time="0.0" classname="com.hrms.testbase.BaseClass">
    <ignored/>
  </testcase> <!-- @AfterTest writeReport -->
  <testcase name="addReport" time="0.0" classname="com.hrms.testcases.AddReportTest">
    <ignored/>
  </testcase> <!-- addReport -->
  <testcase name="invalidPasswordLogin" time="0.0" classname="com.hrms.testcases.LoginTest">
    <ignored/>
  </testcase> <!-- invalidPasswordLogin -->
  <testcase name="emptyUsernameLogin" time="0.0" classname="com.hrms.testcases.LoginTest">
    <ignored/>
  </testcase> <!-- emptyUsernameLogin -->
</testsuite> <!-- Smoke Test -->
