<?xml version="1.0" encoding="UTF-8"?>
<testng-results skipped="0" failed="0" ignored="0" total="3" passed="3">
  <reporter-output>
  </reporter-output>
  <suite name="Default suite" duration-ms="30893" started-at="2020-05-30T14:10:15 EDT" finished-at="2020-05-30T14:10:45 EDT">
    <groups>
    </groups>
    <test name="Default test" duration-ms="30893" started-at="2020-05-30T14:10:15 EDT" finished-at="2020-05-30T14:10:45 EDT">
      <class name="com.hrms.testcases.LoginTest">
        <test-method status="PASS" signature="setUp()[pri:0, instance:com.hrms.testcases.LoginTest@27a5f880]" name="setUp" is-config="true" duration-ms="9799" started-at="2020-05-30T14:10:15 EDT" finished-at="2020-05-30T14:10:24 EDT">
          <reporter-output>
          </reporter-output>
        </test-method> <!-- setUp -->
        <test-method status="PASS" signature="emptyUsernameLogin()[pri:0, instance:com.hrms.testcases.LoginTest@27a5f880]" name="emptyUsernameLogin" duration-ms="260" started-at="2020-05-30T14:10:24 EDT" finished-at="2020-05-30T14:10:25 EDT">
          <reporter-output>
          </reporter-output>
        </test-method> <!-- emptyUsernameLogin -->
        <test-method status="PASS" signature="tearDown()[pri:0, instance:com.hrms.testcases.LoginTest@27a5f880]" name="tearDown" is-config="true" duration-ms="629" started-at="2020-05-30T14:10:25 EDT" finished-at="2020-05-30T14:10:25 EDT">
          <reporter-output>
          </reporter-output>
        </test-method> <!-- tearDown -->
        <test-method status="PASS" signature="setUp()[pri:0, instance:com.hrms.testcases.LoginTest@27a5f880]" name="setUp" is-config="true" duration-ms="10515" started-at="2020-05-30T14:10:25 EDT" finished-at="2020-05-30T14:10:36 EDT">
          <reporter-output>
          </reporter-output>
        </test-method> <!-- setUp -->
        <test-method status="PASS" signature="invalidPasswordLogin()[pri:0, instance:com.hrms.testcases.LoginTest@27a5f880]" name="invalidPasswordLogin" duration-ms="2114" started-at="2020-05-30T14:10:36 EDT" finished-at="2020-05-30T14:10:38 EDT">
          <reporter-output>
          </reporter-output>
        </test-method> <!-- invalidPasswordLogin -->
        <test-method status="PASS" signature="tearDown()[pri:0, instance:com.hrms.testcases.LoginTest@27a5f880]" name="tearDown" is-config="true" duration-ms="645" started-at="2020-05-30T14:10:38 EDT" finished-at="2020-05-30T14:10:38 EDT">
          <reporter-output>
          </reporter-output>
        </test-method> <!-- tearDown -->
        <test-method status="PASS" signature="setUp()[pri:0, instance:com.hrms.testcases.LoginTest@27a5f880]" name="setUp" is-config="true" duration-ms="4138" started-at="2020-05-30T14:10:38 EDT" finished-at="2020-05-30T14:10:43 EDT">
          <reporter-output>
          </reporter-output>
        </test-method> <!-- setUp -->
        <test-method status="PASS" signature="validAdminLogin()[pri:0, instance:com.hrms.testcases.LoginTest@27a5f880]" name="validAdminLogin" duration-ms="2091" started-at="2020-05-30T14:10:43 EDT" finished-at="2020-05-30T14:10:45 EDT">
          <reporter-output>
          </reporter-output>
        </test-method> <!-- validAdminLogin -->
        <test-method status="PASS" signature="tearDown()[pri:0, instance:com.hrms.testcases.LoginTest@27a5f880]" name="tearDown" is-config="true" duration-ms="668" started-at="2020-05-30T14:10:45 EDT" finished-at="2020-05-30T14:10:45 EDT">
          <reporter-output>
          </reporter-output>
        </test-method> <!-- tearDown -->
      </class> <!-- com.hrms.testcases.LoginTest -->
    </test> <!-- Default test -->
  </suite> <!-- Default suite -->
</testng-results>
